<?xml version="1.0" encoding="UTF-8"?>
<!-- Generated by org.testng.reporters.JUnitXMLReporter -->
<testsuite hostname="P6VDINPD146" ignored="5" tests="0" failures="0" timestamp="2020-01-17T14:43:28 CST" time="0.029" errors="0">
  <testcase name="student" time="0.0" classname="cn.gloryroad.Grouping">
    <ignored/>
  </testcase> <!-- student -->
  <testcase name="cat" time="0.0" classname="cn.gloryroad.Grouping">
    <ignored/>
  </testcase> <!-- cat -->
  <testcase name="feeder" time="0.0" classname="cn.gloryroad.Grouping">
    <ignored/>
  </testcase> <!-- feeder -->
  <testcase name="teacher" time="0.0" classname="cn.gloryroad.Grouping">
    <ignored/>
  </testcase> <!-- teacher -->
  <testcase name="dog" time="0.0" classname="cn.gloryroad.Grouping">
    <ignored/>
  </testcase> <!-- dog -->
</testsuite>
