<?xml version="1.0" encoding="UTF-8"?>
<testng-results skipped="0" failed="0" ignored="0" total="1" passed="1">
  <reporter-output>
  </reporter-output>
  <suite name="Default suite" duration-ms="25449" started-at="2020-01-17T16:56:10 CST" finished-at="2020-01-17T16:56:36 CST">
    <groups>
    </groups>
    <test name="Default test" duration-ms="25449" started-at="2020-01-17T16:56:10 CST" finished-at="2020-01-17T16:56:36 CST">
      <class name="cn.gloryroad.AssertTest">
        <test-method status="PASS" signature="beforeMethod()[pri:0, instance:cn.gloryroad.AssertTest@eb21112]" name="beforeMethod" is-config="true" duration-ms="20488" started-at="2020-01-17T16:56:10 CST" finished-at="2020-01-17T16:56:31 CST">
          <reporter-output>
          </reporter-output>
        </test-method> <!-- beforeMethod -->
        <test-method status="PASS" signature="testSogouSearch()[pri:0, instance:cn.gloryroad.AssertTest@eb21112]" name="testSogouSearch" duration-ms="4775" started-at="2020-01-17T16:56:31 CST" finished-at="2020-01-17T16:56:36 CST">
          <reporter-output>
          </reporter-output>
        </test-method> <!-- testSogouSearch -->
        <test-method status="PASS" signature="afterMethod()[pri:0, instance:cn.gloryroad.AssertTest@eb21112]" name="afterMethod" is-config="true" duration-ms="0" started-at="2020-01-17T16:56:36 CST" finished-at="2020-01-17T16:56:36 CST">
          <reporter-output>
          </reporter-output>
        </test-method> <!-- afterMethod -->
      </class> <!-- cn.gloryroad.AssertTest -->
    </test> <!-- Default test -->
  </suite> <!-- Default suite -->
</testng-results>
